[INFO] Scanning for projects...
[WARNING] 
[WARNING] Some problems were encountered while building the effective model for com.carledger:api-gateway-service:jar:0.0.1-SNAPSHOT
[WARNING] 'build.plugins.plugin.version' for org.apache.maven.plugins:maven-compiler-plugin is missing. @ line 95, column 12
[WARNING] 'build.plugins.plugin.version' for org.springframework.boot:spring-boot-maven-plugin is missing. @ line 107, column 12
[WARNING] 
[WARNING] It is highly recommended to fix these problems because they threaten the stability of your build.
[WARNING] 
[WARNING] For this reason, future Maven versions might no longer support building such malformed projects.
[WARNING] 
[INFO] 
[INFO] -----------------< com.carledger:api-gateway-service >------------------
[INFO] Building api-gateway-service 0.0.1-SNAPSHOT
[INFO]   from pom.xml
[INFO] --------------------------------[ jar ]---------------------------------
[INFO] 
[INFO] >>> spring-boot:4.0.0-M1:run (default-cli) > test-compile @ api-gateway-service >>>
[INFO] 
[INFO] --- resources:3.3.1:resources (default-resources) @ api-gateway-service ---
[WARNING] Using platform encoding (Cp1252 actually) to copy filtered resources, i.e. build is platform dependent!
[INFO] Copying 1 resource from src\main\resources to target\classes
[INFO] 
[INFO] --- compiler:3.13.0:compile (default-compile) @ api-gateway-service ---
[INFO] Nothing to compile - all classes are up to date.
[INFO] 
[INFO] --- resources:3.3.1:testResources (default-testResources) @ api-gateway-service ---
[WARNING] Using platform encoding (Cp1252 actually) to copy filtered resources, i.e. build is platform dependent!
[INFO] skip non existing resourceDirectory C:\Users\KogilathotaVijayRedd\OneDrive - People Tech Group Inc\Desktop\BlockChain\carledger-api\api-gateway-service\src\test\resources
[INFO] 
[INFO] --- compiler:3.13.0:testCompile (default-testCompile) @ api-gateway-service ---
[INFO] Nothing to compile - all classes are up to date.
[INFO] 
[INFO] <<< spring-boot:4.0.0-M1:run (default-cli) < test-compile @ api-gateway-service <<<
[INFO] 
[INFO] 
[INFO] --- spring-boot:4.0.0-M1:run (default-cli) @ api-gateway-service ---
[INFO] Attaching agents: []

  .   ____          _            __ _ _
 /\\ / ___'_ __ _ _(_)_ __  __ _ \ \ \ \
( ( )\___ | '_ | '_| | '_ \/ _` | \ \ \ \
 \\/  ___)| |_)| | | | | || (_| |  ) ) ) )
  '  |____| .__|_| |_|_| |_\__, | / / / /
 =========|_|==============|___/=/_/_/_/
 :: Spring Boot ::                (v3.2.0)

2025-07-31T17:33:52.152+05:30  INFO 33836 --- [api-gateway-service] [  restartedMain] c.e.a.ApiGatewayServiceApplication       : Starting ApiGatewayServiceApplication using Java 17.0.12 with PID 33836 (C:\Users\KogilathotaVijayRedd\OneDrive - People Tech Group Inc\Desktop\BlockChain\carledger-api\api-gateway-service\target\classes started by KogilathotaVijayRedd in C:\Users\KogilathotaVijayRedd\OneDrive - People Tech Group Inc\Desktop\BlockChain\carledger-api\api-gateway-service)
2025-07-31T17:33:52.160+05:30  INFO 33836 --- [api-gateway-service] [  restartedMain] c.e.a.ApiGatewayServiceApplication       : No active profile set, falling back to 1 default profile: "default"
2025-07-31T17:33:52.299+05:30  INFO 33836 --- [api-gateway-service] [  restartedMain] .e.DevToolsPropertyDefaultsPostProcessor : Devtools property defaults active! Set 'spring.devtools.add-properties' to 'false' to disable
2025-07-31T17:33:52.300+05:30  INFO 33836 --- [api-gateway-service] [  restartedMain] .e.DevToolsPropertyDefaultsPostProcessor : For additional web related logging consider setting the 'logging.level.web' property to 'DEBUG'
2025-07-31T17:33:53.429+05:30  INFO 33836 --- [api-gateway-service] [  restartedMain] .s.d.r.c.RepositoryConfigurationDelegate : Bootstrapping Spring Data JPA repositories in DEFAULT mode.
2025-07-31T17:33:53.451+05:30  INFO 33836 --- [api-gateway-service] [  restartedMain] .s.d.r.c.RepositoryConfigurationDelegate : Finished Spring Data repository scanning in 14 ms. Found 0 JPA repository interfaces.
2025-07-31T17:33:54.424+05:30  INFO 33836 --- [api-gateway-service] [  restartedMain] o.s.b.w.embedded.tomcat.TomcatWebServer  : Tomcat initialized with port 8081 (http)
2025-07-31T17:33:54.440+05:30  INFO 33836 --- [api-gateway-service] [  restartedMain] o.apache.catalina.core.StandardService   : Starting service [Tomcat]
2025-07-31T17:33:54.440+05:30  INFO 33836 --- [api-gateway-service] [  restartedMain] o.apache.catalina.core.StandardEngine    : Starting Servlet engine: [Apache Tomcat/10.1.16]
2025-07-31T17:33:54.529+05:30  INFO 33836 --- [api-gateway-service] [  restartedMain] o.a.c.c.C.[Tomcat].[localhost].[/]       : Initializing Spring embedded WebApplicationContext
2025-07-31T17:33:54.531+05:30  INFO 33836 --- [api-gateway-service] [  restartedMain] w.s.c.ServletWebServerApplicationContext : Root WebApplicationContext: initialization completed in 2229 ms
2025-07-31T17:33:54.824+05:30  INFO 33836 --- [api-gateway-service] [  restartedMain] o.hibernate.jpa.internal.util.LogHelper  : HHH000204: Processing PersistenceUnitInfo [name: default]
2025-07-31T17:33:54.890+05:30  INFO 33836 --- [api-gateway-service] [  restartedMain] org.hibernate.Version                    : HHH000412: Hibernate ORM core version 6.3.1.Final
2025-07-31T17:33:54.937+05:30  INFO 33836 --- [api-gateway-service] [  restartedMain] o.h.c.internal.RegionFactoryInitiator    : HHH000026: Second-level cache disabled
2025-07-31T17:33:55.404+05:30  INFO 33836 --- [api-gateway-service] [  restartedMain] o.s.o.j.p.SpringPersistenceUnitInfo      : No LoadTimeWeaver setup: ignoring JPA class transformer
2025-07-31T17:33:55.491+05:30  INFO 33836 --- [api-gateway-service] [  restartedMain] com.zaxxer.hikari.HikariDataSource       : HikariPool-1 - Starting...
2025-07-31T17:33:55.834+05:30  INFO 33836 --- [api-gateway-service] [  restartedMain] com.zaxxer.hikari.pool.HikariPool        : HikariPool-1 - Added connection org.postgresql.jdbc.PgConnection@14d69544
2025-07-31T17:33:55.836+05:30  INFO 33836 --- [api-gateway-service] [  restartedMain] com.zaxxer.hikari.HikariDataSource       : HikariPool-1 - Start completed.
2025-07-31T17:33:55.892+05:30  WARN 33836 --- [api-gateway-service] [  restartedMain] org.hibernate.orm.deprecation            : HHH90000025: PostgreSQLDialect does not need to be specified explicitly using 'hibernate.dialect' (remove the property setting and it will be selected by default)
2025-07-31T17:33:56.479+05:30  INFO 33836 --- [api-gateway-service] [  restartedMain] o.h.e.t.j.p.i.JtaPlatformInitiator       : HHH000489: No JTA platform available (set 'hibernate.transaction.jta.platform' to enable JTA platform integration)
2025-07-31T17:33:56.490+05:30  INFO 33836 --- [api-gateway-service] [  restartedMain] j.LocalContainerEntityManagerFactoryBean : Initialized JPA EntityManagerFactory for persistence unit 'default'
2025-07-31T17:33:56.730+05:30  WARN 33836 --- [api-gateway-service] [  restartedMain] JpaBaseConfiguration$JpaWebConfiguration : spring.jpa.open-in-view is enabled by default. Therefore, database queries may be performed during view rendering. Explicitly configure spring.jpa.open-in-view to disable this warning
2025-07-31T17:33:58.160+05:30  WARN 33836 --- [api-gateway-service] [  restartedMain] .s.s.UserDetailsServiceAutoConfiguration : 

Using generated security password: 2b8fb64e-e0c7-43ed-adf4-9979efc13186

This generated password is for development use only. Your security configuration must be updated before running your application in production.

2025-07-31T17:33:58.434+05:30  INFO 33836 --- [api-gateway-service] [  restartedMain] o.s.s.web.DefaultSecurityFilterChain     : Will secure any request with [org.springframework.security.web.session.DisableEncodeUrlFilter@5345baf1, org.springframework.security.web.context.request.async.WebAsyncManagerIntegrationFilter@55238665, org.springframework.security.web.context.SecurityContextHolderFilter@2ab8eb7b, org.springframework.security.web.header.HeaderWriterFilter@4996b8fa, org.springframework.web.filter.CorsFilter@53fa152d, org.springframework.security.web.csrf.CsrfFilter@a34dbb2, org.springframework.security.web.authentication.logout.LogoutFilter@7b3743bc, org.springframework.security.web.authentication.UsernamePasswordAuthenticationFilter@3724e83c, org.springframework.security.web.authentication.ui.DefaultLoginPageGeneratingFilter@7e3b5117, org.springframework.security.web.authentication.ui.DefaultLogoutPageGeneratingFilter@4d557635, org.springframework.security.web.authentication.www.BasicAuthenticationFilter@2ad596ba, org.springframework.security.web.savedrequest.RequestCacheAwareFilter@6458a775, org.springframework.security.web.servletapi.SecurityContextHolderAwareRequestFilter@51e1cb68, org.springframework.security.web.authentication.AnonymousAuthenticationFilter@3339cf5c, org.springframework.security.web.access.ExceptionTranslationFilter@5f37dd59, org.springframework.security.web.access.intercept.AuthorizationFilter@262bdfc4]
2025-07-31T17:33:58.524+05:30  WARN 33836 --- [api-gateway-service] [  restartedMain] o.s.b.d.a.OptionalLiveReloadServer       : Unable to start LiveReload server
2025-07-31T17:33:58.558+05:30  WARN 33836 --- [api-gateway-service] [  restartedMain] ConfigServletWebServerApplicationContext : Exception encountered during context initialization - cancelling refresh attempt: org.springframework.context.ApplicationContextException: Failed to start bean 'webServerStartStop'
2025-07-31T17:33:58.562+05:30  INFO 33836 --- [api-gateway-service] [  restartedMain] j.LocalContainerEntityManagerFactoryBean : Closing JPA EntityManagerFactory for persistence unit 'default'
2025-07-31T17:33:58.566+05:30  INFO 33836 --- [api-gateway-service] [  restartedMain] com.zaxxer.hikari.HikariDataSource       : HikariPool-1 - Shutdown initiated...
2025-07-31T17:33:58.570+05:30  INFO 33836 --- [api-gateway-service] [  restartedMain] com.zaxxer.hikari.HikariDataSource       : HikariPool-1 - Shutdown completed.
2025-07-31T17:33:58.597+05:30  INFO 33836 --- [api-gateway-service] [  restartedMain] .s.b.a.l.ConditionEvaluationReportLogger : 

Error starting ApplicationContext. To display the condition evaluation report re-run your application with 'debug' enabled.
2025-07-31T17:33:58.643+05:30 ERROR 33836 --- [api-gateway-service] [  restartedMain] o.s.b.d.LoggingFailureAnalysisReporter   : 

***************************
APPLICATION FAILED TO START
***************************

Description:

Web server failed to start. Port 8081 was already in use.

Action:

Identify and stop the process that's listening on port 8081 or configure this application to listen on another port.

[INFO] ------------------------------------------------------------------------
[INFO] BUILD SUCCESS
[INFO] ------------------------------------------------------------------------
[INFO] Total time:  12.721 s
[INFO] Finished at: 2025-07-31T17:33:58+05:30
[INFO] ------------------------------------------------------------------------
