[INFO] Scanning for projects...
[WARNING] 
[WARNING] Some problems were encountered while building the effective model for com.carledger:common-lib:jar:0.0.1-SNAPSHOT
[WARNING] 'build.plugins.plugin.version' for org.springframework.boot:spring-boot-maven-plugin is missing. @ line 58, column 12
[WARNING] 
[WARNING] It is highly recommended to fix these problems because they threaten the stability of your build.
[WARNING] 
[WARNING] For this reason, future Maven versions might no longer support building such malformed projects.
[WARNING] 
[INFO] 
[INFO] ----------------------< com.carledger:common-lib >----------------------
[INFO] Building common-lib 0.0.1-SNAPSHOT
[INFO]   from pom.xml
[INFO] --------------------------------[ jar ]---------------------------------
[INFO] 
[INFO] >>> spring-boot:4.0.0-M1:run (default-cli) > test-compile @ common-lib >>>
[INFO] 
[INFO] --- resources:3.3.1:resources (default-resources) @ common-lib ---
[WARNING] Using platform encoding (Cp1252 actually) to copy filtered resources, i.e. build is platform dependent!
[INFO] Copying 1 resource from src\main\resources to target\classes
[INFO] 
[INFO] --- compiler:3.13.0:compile (default-compile) @ common-lib ---
[INFO] Nothing to compile - all classes are up to date.
[INFO] 
[INFO] --- resources:3.3.1:testResources (default-testResources) @ common-lib ---
[WARNING] Using platform encoding (Cp1252 actually) to copy filtered resources, i.e. build is platform dependent!
[INFO] skip non existing resourceDirectory C:\Users\KogilathotaVijayRedd\OneDrive - People Tech Group Inc\Desktop\BlockChain\carledger-api\common-lib\src\test\resources
[INFO] 
[INFO] --- compiler:3.13.0:testCompile (default-testCompile) @ common-lib ---
[INFO] Nothing to compile - all classes are up to date.
[INFO] 
[INFO] <<< spring-boot:4.0.0-M1:run (default-cli) < test-compile @ common-lib <<<
[INFO] 
[INFO] 
[INFO] --- spring-boot:4.0.0-M1:run (default-cli) @ common-lib ---
[INFO] Attaching agents: []

  .   ____          _            __ _ _
 /\\ / ___'_ __ _ _(_)_ __  __ _ \ \ \ \
( ( )\___ | '_ | '_| | '_ \/ _` | \ \ \ \
 \\/  ___)| |_)| | | | | || (_| |  ) ) ) )
  '  |____| .__|_| |_|_| |_\__, | / / / /
 =========|_|==============|___/=/_/_/_/
 :: Spring Boot ::                (v3.2.0)

2025-07-31T17:33:51.727+05:30  INFO 33816 --- [common-lib] [           main] c.e.common_lib.CommonLibApplication      : Starting CommonLibApplication using Java 17.0.12 with PID 33816 (C:\Users\KogilathotaVijayRedd\OneDrive - People Tech Group Inc\Desktop\BlockChain\carledger-api\common-lib\target\classes started by KogilathotaVijayRedd in C:\Users\KogilathotaVijayRedd\OneDrive - People Tech Group Inc\Desktop\BlockChain\carledger-api\common-lib)
2025-07-31T17:33:51.730+05:30  INFO 33816 --- [common-lib] [           main] c.e.common_lib.CommonLibApplication      : No active profile set, falling back to 1 default profile: "default"
2025-07-31T17:33:52.894+05:30  INFO 33816 --- [common-lib] [           main] c.e.common_lib.CommonLibApplication      : Started CommonLibApplication in 1.908 seconds (process running for 2.413)
[INFO] ------------------------------------------------------------------------
[INFO] BUILD SUCCESS
[INFO] ------------------------------------------------------------------------
[INFO] Total time:  6.945 s
[INFO] Finished at: 2025-07-31T17:33:52+05:30
[INFO] ------------------------------------------------------------------------
