[INFO] Scanning for projects...
[WARNING] 
[WARNING] Some problems were encountered while building the effective model for com.carledger:service-track:jar:0.0.1-SNAPSHOT
[WARNING] 'build.plugins.plugin.version' for org.apache.maven.plugins:maven-compiler-plugin is missing. @ line 93, column 12
[WARNING] 'build.plugins.plugin.version' for org.springframework.boot:spring-boot-maven-plugin is missing. @ line 105, column 12
[WARNING] 
[WARNING] It is highly recommended to fix these problems because they threaten the stability of your build.
[WARNING] 
[WARNING] For this reason, future Maven versions might no longer support building such malformed projects.
[WARNING] 
[INFO] 
[INFO] --------------------< com.carledger:service-track >---------------------
[INFO] Building service-track 0.0.1-SNAPSHOT
[INFO]   from pom.xml
[INFO] --------------------------------[ jar ]---------------------------------
[INFO] 
[INFO] >>> spring-boot:4.0.0-M1:run (default-cli) > test-compile @ service-track >>>
[INFO] 
[INFO] --- resources:3.3.1:resources (default-resources) @ service-track ---
[WARNING] Using platform encoding (Cp1252 actually) to copy filtered resources, i.e. build is platform dependent!
[INFO] Copying 1 resource from src\main\resources to target\classes
[INFO] 
[INFO] --- compiler:3.13.0:compile (default-compile) @ service-track ---
[INFO] Nothing to compile - all classes are up to date.
[INFO] 
[INFO] --- resources:3.3.1:testResources (default-testResources) @ service-track ---
[WARNING] Using platform encoding (Cp1252 actually) to copy filtered resources, i.e. build is platform dependent!
[INFO] skip non existing resourceDirectory C:\Users\KogilathotaVijayRedd\OneDrive - People Tech Group Inc\Desktop\BlockChain\carledger-api\service-track\src\test\resources
[INFO] 
[INFO] --- compiler:3.13.0:testCompile (default-testCompile) @ service-track ---
[INFO] Nothing to compile - all classes are up to date.
[INFO] 
[INFO] <<< spring-boot:4.0.0-M1:run (default-cli) < test-compile @ service-track <<<
[INFO] 
[INFO] 
[INFO] --- spring-boot:4.0.0-M1:run (default-cli) @ service-track ---
[INFO] Attaching agents: []

  .   ____          _            __ _ _
 /\\ / ___'_ __ _ _(_)_ __  __ _ \ \ \ \
( ( )\___ | '_ | '_| | '_ \/ _` | \ \ \ \
 \\/  ___)| |_)| | | | | || (_| |  ) ) ) )
  '  |____| .__|_| |_|_| |_\__, | / / / /
 =========|_|==============|___/=/_/_/_/
 :: Spring Boot ::                (v3.2.0)

2025-07-31T17:34:03.744+05:30  INFO 34196 --- [service-track] [  restartedMain] c.e.s.ServiceTrackApplication            : Starting ServiceTrackApplication using Java 17.0.12 with PID 34196 (C:\Users\KogilathotaVijayRedd\OneDrive - People Tech Group Inc\Desktop\BlockChain\carledger-api\service-track\target\classes started by KogilathotaVijayRedd in C:\Users\KogilathotaVijayRedd\OneDrive - People Tech Group Inc\Desktop\BlockChain\carledger-api\service-track)
2025-07-31T17:34:03.748+05:30  INFO 34196 --- [service-track] [  restartedMain] c.e.s.ServiceTrackApplication            : No active profile set, falling back to 1 default profile: "default"
2025-07-31T17:34:03.827+05:30  INFO 34196 --- [service-track] [  restartedMain] .e.DevToolsPropertyDefaultsPostProcessor : Devtools property defaults active! Set 'spring.devtools.add-properties' to 'false' to disable
2025-07-31T17:34:03.827+05:30  INFO 34196 --- [service-track] [  restartedMain] .e.DevToolsPropertyDefaultsPostProcessor : For additional web related logging consider setting the 'logging.level.web' property to 'DEBUG'
2025-07-31T17:34:04.932+05:30  INFO 34196 --- [service-track] [  restartedMain] .s.d.r.c.RepositoryConfigurationDelegate : Bootstrapping Spring Data JPA repositories in DEFAULT mode.
2025-07-31T17:34:04.951+05:30  INFO 34196 --- [service-track] [  restartedMain] .s.d.r.c.RepositoryConfigurationDelegate : Finished Spring Data repository scanning in 11 ms. Found 0 JPA repository interfaces.
2025-07-31T17:34:05.706+05:30  INFO 34196 --- [service-track] [  restartedMain] o.s.b.w.embedded.tomcat.TomcatWebServer  : Tomcat initialized with port 8084 (http)
2025-07-31T17:34:05.715+05:30  INFO 34196 --- [service-track] [  restartedMain] o.apache.catalina.core.StandardService   : Starting service [Tomcat]
2025-07-31T17:34:05.716+05:30  INFO 34196 --- [service-track] [  restartedMain] o.apache.catalina.core.StandardEngine    : Starting Servlet engine: [Apache Tomcat/10.1.16]
2025-07-31T17:34:05.790+05:30  INFO 34196 --- [service-track] [  restartedMain] o.a.c.c.C.[Tomcat].[localhost].[/]       : Initializing Spring embedded WebApplicationContext
2025-07-31T17:34:05.791+05:30  INFO 34196 --- [service-track] [  restartedMain] w.s.c.ServletWebServerApplicationContext : Root WebApplicationContext: initialization completed in 1963 ms
2025-07-31T17:34:05.991+05:30  INFO 34196 --- [service-track] [  restartedMain] o.hibernate.jpa.internal.util.LogHelper  : HHH000204: Processing PersistenceUnitInfo [name: default]
2025-07-31T17:34:06.067+05:30  INFO 34196 --- [service-track] [  restartedMain] org.hibernate.Version                    : HHH000412: Hibernate ORM core version 6.3.1.Final
2025-07-31T17:34:06.114+05:30  INFO 34196 --- [service-track] [  restartedMain] o.h.c.internal.RegionFactoryInitiator    : HHH000026: Second-level cache disabled
2025-07-31T17:34:06.390+05:30  INFO 34196 --- [service-track] [  restartedMain] o.s.o.j.p.SpringPersistenceUnitInfo      : No LoadTimeWeaver setup: ignoring JPA class transformer
2025-07-31T17:34:06.419+05:30  INFO 34196 --- [service-track] [  restartedMain] com.zaxxer.hikari.HikariDataSource       : HikariPool-1 - Starting...
2025-07-31T17:34:06.593+05:30  INFO 34196 --- [service-track] [  restartedMain] com.zaxxer.hikari.pool.HikariPool        : HikariPool-1 - Added connection org.postgresql.jdbc.PgConnection@4f163798
2025-07-31T17:34:06.595+05:30  INFO 34196 --- [service-track] [  restartedMain] com.zaxxer.hikari.HikariDataSource       : HikariPool-1 - Start completed.
2025-07-31T17:34:06.653+05:30  WARN 34196 --- [service-track] [  restartedMain] org.hibernate.orm.deprecation            : HHH90000025: PostgreSQLDialect does not need to be specified explicitly using 'hibernate.dialect' (remove the property setting and it will be selected by default)
2025-07-31T17:34:06.982+05:30  INFO 34196 --- [service-track] [  restartedMain] o.h.e.t.j.p.i.JtaPlatformInitiator       : HHH000489: No JTA platform available (set 'hibernate.transaction.jta.platform' to enable JTA platform integration)
2025-07-31T17:34:06.986+05:30  INFO 34196 --- [service-track] [  restartedMain] j.LocalContainerEntityManagerFactoryBean : Initialized JPA EntityManagerFactory for persistence unit 'default'
2025-07-31T17:34:07.126+05:30  WARN 34196 --- [service-track] [  restartedMain] JpaBaseConfiguration$JpaWebConfiguration : spring.jpa.open-in-view is enabled by default. Therefore, database queries may be performed during view rendering. Explicitly configure spring.jpa.open-in-view to disable this warning
2025-07-31T17:34:07.926+05:30  WARN 34196 --- [service-track] [  restartedMain] .s.s.UserDetailsServiceAutoConfiguration : 

Using generated security password: 7f4456c9-4452-4dff-be12-1479c1e3e026

This generated password is for development use only. Your security configuration must be updated before running your application in production.

2025-07-31T17:34:08.025+05:30  INFO 34196 --- [service-track] [  restartedMain] o.s.s.web.DefaultSecurityFilterChain     : Will secure any request with [org.springframework.security.web.session.DisableEncodeUrlFilter@3e078360, org.springframework.security.web.context.request.async.WebAsyncManagerIntegrationFilter@5501874a, org.springframework.security.web.context.SecurityContextHolderFilter@7af9917b, org.springframework.security.web.header.HeaderWriterFilter@6f58c374, org.springframework.web.filter.CorsFilter@5b61c73f, org.springframework.security.web.csrf.CsrfFilter@5c9c1d24, org.springframework.security.web.authentication.logout.LogoutFilter@491e7629, org.springframework.security.web.authentication.UsernamePasswordAuthenticationFilter@24875ee2, org.springframework.security.web.authentication.ui.DefaultLoginPageGeneratingFilter@b13bb11, org.springframework.security.web.authentication.ui.DefaultLogoutPageGeneratingFilter@38a397dd, org.springframework.security.web.authentication.www.BasicAuthenticationFilter@59dce04, org.springframework.security.web.savedrequest.RequestCacheAwareFilter@7710c21c, org.springframework.security.web.servletapi.SecurityContextHolderAwareRequestFilter@15155bb8, org.springframework.security.web.authentication.AnonymousAuthenticationFilter@3abd1f2a, org.springframework.security.web.access.ExceptionTranslationFilter@24f5b6a1, org.springframework.security.web.access.intercept.AuthorizationFilter@1d7f860a]
2025-07-31T17:34:08.054+05:30  WARN 34196 --- [service-track] [  restartedMain] o.s.b.d.a.OptionalLiveReloadServer       : Unable to start LiveReload server
2025-07-31T17:34:08.073+05:30  WARN 34196 --- [service-track] [  restartedMain] ConfigServletWebServerApplicationContext : Exception encountered during context initialization - cancelling refresh attempt: org.springframework.context.ApplicationContextException: Failed to start bean 'webServerStartStop'
2025-07-31T17:34:08.076+05:30  INFO 34196 --- [service-track] [  restartedM2025-07-31T18:27:58.104+05:30  WARN 33220 --- [service-track] [l-1 housekeeper] com.zaxxer.hikari.pool.HikariPool        : HikariPool-1 - Thread starvation or clock leap detected (housekeeper delta=36m25s172ms994µs300ns).
2025-07-31T21:11:49.995+05:30  WARN 33220 --- [service-track] [l-1 housekeeper] com.zaxxer.hikari.pool.HikariPool        : HikariPool-1 - Thread starvation or clock leap detected (housekeeper delta=2h34m51s740ms333µs300ns).
2025-07-31T22:19:38.844+05:30  WARN 33220 --- [service-track] [l-1 housekeeper] com.zaxxer.hikari.pool.HikariPool        : HikariPool-1 - Thread starvation or clock leap detected (housekeeper delta=58m48s699ms875µs100ns).
ug' enabled.
2025-07-31T17:34:08.114+05:30 ERROR 34196 --- [service-track] [  restartedMain] o.s.b.d.LoggingFailureAnalysisReporter   : 

***************************
APPLICATION FAILED TO START
***************************

Description:

Web server failed to start. Port 8084 was already in use.

Action:

Identify and stop the process that's listening on port 8084 or configure this application to listen on another port.

[INFO] ------------------------------------------------------------------------
[INFO] BUILD SUCCESS
[INFO] ------------------------------------------------------------------------
[INFO] Total time:  9.447 s
[INFO] Finished at: 2025-07-31T17:34:08+05:30
[INFO] ------------------------------------------------------------------------
