[INFO] Scanning for projects...
[WARNING] 
[WARNING] Some problems were encountered while building the effective model for com.carledger:vechile-service:jar:0.0.1-SNAPSHOT
[WARNING] 'build.plugins.plugin.version' for org.apache.maven.plugins:maven-compiler-plugin is missing. @ line 93, column 12
[WARNING] 'build.plugins.plugin.version' for org.springframework.boot:spring-boot-maven-plugin is missing. @ line 105, column 12
[WARNING] 
[WARNING] It is highly recommended to fix these problems because they threaten the stability of your build.
[WARNING] 
[WARNING] For this reason, future Maven versions might no longer support building such malformed projects.
[WARNING] 
[INFO] 
[INFO] -------------------< com.carledger:vechile-service >--------------------
[INFO] Building vechile-service 0.0.1-SNAPSHOT
[INFO]   from pom.xml
[INFO] --------------------------------[ jar ]---------------------------------
[INFO] 
[INFO] >>> spring-boot:4.0.0-M1:run (default-cli) > test-compile @ vechile-service >>>
[INFO] 
[INFO] --- resources:3.3.1:resources (default-resources) @ vechile-service ---
[WARNING] Using platform encoding (Cp1252 actually) to copy filtered resources, i.e. build is platform dependent!
[INFO] Copying 1 resource from src\main\resources to target\classes
[INFO] 
[INFO] --- compiler:3.13.0:compile (default-compile) @ vechile-service ---
[INFO] Nothing to compile - all classes are up to date.
[INFO] 
[INFO] --- resources:3.3.1:testResources (default-testResources) @ vechile-service ---
[WARNING] Using platform encoding (Cp1252 actually) to copy filtered resources, i.e. build is platform dependent!
[INFO] skip non existing resourceDirectory C:\Users\KogilathotaVijayRedd\OneDrive - People Tech Group Inc\Desktop\BlockChain\carledger-api\vechile-service\src\test\resources
[INFO] 
[INFO] --- compiler:3.13.0:testCompile (default-testCompile) @ vechile-service ---
[INFO] Nothing to compile - all classes are up to date.
[INFO] 
[INFO] <<< spring-boot:4.0.0-M1:run (default-cli) < test-compile @ vechile-service <<<
[INFO] 
[INFO] 
[INFO] --- spring-boot:4.0.0-M1:run (default-cli) @ vechile-service ---
[INFO] Attaching agents: []

  .   ____          _            __ _ _
 /\\ / ___'_ __ _ _(_)_ __  __ _ \ \ \ \
( ( )\___ | '_ | '_| | '_ \/ _` | \ \ \ \
 \\/  ___)| |_)| | | | | || (_| |  ) ) ) )
  '  |____| .__|_| |_|_| |_\__, | / / / /
 =========|_|==============|___/=/_/_/_/
 :: Spring Boot ::                (v3.2.0)

2025-07-31T17:33:59.029+05:30  INFO 34612 --- [vechile-service] [  restartedMain] c.e.v.VechileServiceApplication          : Starting VechileServiceApplication using Java 17.0.12 with PID 34612 (C:\Users\KogilathotaVijayRedd\OneDrive - People Tech Group Inc\Desktop\BlockChain\carledger-api\vechile-service\target\classes started by KogilathotaVijayRedd in C:\Users\KogilathotaVijayRedd\OneDrive - People Tech Group Inc\Desktop\BlockChain\carledger-api\vechile-service)
2025-07-31T17:33:59.037+05:30  INFO 34612 --- [vechile-service] [  restartedMain] c.e.v.VechileServiceApplication          : No active profile set, falling back to 1 default profile: "default"
2025-07-31T17:33:59.120+05:30  INFO 34612 --- [vechile-service] [  restartedMain] .e.DevToolsPropertyDefaultsPostProcessor : Devtools property defaults active! Set 'spring.devtools.add-properties' to 'false' to disable
2025-07-31T17:33:59.120+05:30  INFO 34612 --- [vechile-service] [  restartedMain] .e.DevToolsPropertyDefaultsPostProcessor : For additional web related logging consider setting the 'logging.level.web' property to 'DEBUG'
2025-07-31T17:34:00.584+05:30  INFO 34612 --- [vechile-service] [  restartedMain] .s.d.r.c.RepositoryConfigurationDelegate : Bootstrapping Spring Data JPA repositories in DEFAULT mode.
2025-07-31T17:34:00.632+05:30  INFO 34612 --- [vechile-service] [  restartedMain] .s.d.r.c.RepositoryConfigurationDelegate : Finished Spring Data repository scanning in 26 ms. Found 0 JPA repository interfaces.
2025-07-31T17:34:01.686+05:30  INFO 34612 --- [vechile-service] [  restartedMain] o.s.b.w.embedded.tomcat.TomcatWebServer  : Tomcat initialized with port 8085 (http)
2025-07-31T17:34:01.699+05:30  INFO 34612 --- [vechile-service] [  restartedMain] o.apache.catalina.core.StandardService   : Starting service [Tomcat]
2025-07-31T17:34:01.699+05:30  INFO 34612 --- [vechile-service] [  restartedMain] o.apache.catalina.core.StandardEngine    : Starting Servlet engine: [Apache Tomcat/10.1.16]
2025-07-31T17:34:01.787+05:30  INFO 34612 --- [vechile-service] [  restartedMain] o.a.c.c.C.[Tomcat].[localhost].[/]       : Initializing Spring embedded WebApplicationContext
2025-07-31T17:34:01.789+05:30  INFO 34612 --- [vechile-service] [  restartedMain] w.s.c.ServletWebServerApplicationContext : Root WebApplicationContext: initialization completed in 2668 ms
2025-07-31T17:34:02.019+05:30  INFO 34612 --- [vechile-service] [  restartedMain] o.hibernate.jpa.internal.util.LogHelper  : HHH000204: Processing PersistenceUnitInfo [name: default]
2025-07-31T17:34:02.098+05:30  INFO 34612 --- [vechile-service] [  restartedMain] org.hibernate.Version                    : HHH000412: Hibernate ORM core version 6.3.1.Final
2025-07-31T17:34:02.143+05:30  INFO 34612 --- [vechile-service] [  restartedMain] o.h.c.internal.RegionFactoryInitiator    : HHH000026: Second-level cache disabled
2025-07-31T17:34:02.478+05:30  INFO 34612 --- [vechile-service] [  restartedMain] o.s.o.j.p.SpringPersistenceUnitInfo      : No LoadTimeWeaver setup: ignoring JPA class transformer
2025-07-31T17:34:02.519+05:30  INFO 34612 --- [vechile-service] [  restartedMain] com.zaxxer.hikari.HikariDataSource       : HikariPool-1 - Starting...
2025-07-31T17:34:02.816+05:30  INFO 34612 --- [vechile-service] [  restartedMain] com.zaxxer.hikari.pool.HikariPool        : HikariPool-1 - Added connection org.postgresql.jdbc.PgConnection@7fdd957c
2025-07-31T17:34:02.818+05:30  INFO 34612 --- [vechile-service] [  restartedMain] com.zaxxer.hikari.HikariDataSource       : HikariPool-1 - Start completed.
2025-07-31T17:34:02.867+05:30  WARN 34612 --- [vechile-service] [  restartedMain] org.hibernate.orm.deprecation            : HHH90000025: PostgreSQLDialect does not need to be specified explicitly using 'hibernate.dialect' (remove the property setting and it will be selected by default)
2025-07-31T17:34:03.273+05:30  INFO 34612 --- [vechile-service] [  restartedMain] o.h.e.t.j.p.i.JtaPlatformInitiator       : HHH000489: No JTA platform available (set 'hibernate.transaction.jta.platform' to enable JTA platform integration)
2025-07-31T17:34:03.280+05:30  INFO 34612 --- [vechile-service] [  restartedMain] j.LocalContainerEntityManagerFactoryBean : Initialized JPA EntityManagerFactory for persistence unit 'default'
2025-07-31T17:34:03.475+05:30  WARN 34612 --- [vechile-service] [  restartedMain] JpaBaseConfiguration$JpaWebConfiguration : spring.jpa.open-in-view is enabled by default. Therefore, database queries may be performed during view rendering. Explicitly configure spring.jpa.open-in-view to disable this warning
2025-07-31T17:34:04.660+05:30  WARN 34612 --- [vechile-service] [  restartedMain] .s.s.UserDetailsServiceAutoConfiguration : 

Using generated security password: 4ed2576b-9d0a-4e5a-8ffa-d14b5309846e

This generated password is for development use only. Your security configuration must be updated before running your application in production.

2025-07-31T17:34:04.787+05:30  INFO 34612 --- [vechile-service] [  restartedMain] o.s.s.web.DefaultSecurityFilterChain     : Will secure any request with [org.springframework.security.web.session.DisableEncodeUrlFilter@764b1a13, org.springframework.security.web.context.request.async.WebAsyncManagerIntegrationFilter@4bd66597, org.springframework.security.web.context.SecurityContextHolderFilter@55c3d884, org.springframework.security.web.header.HeaderWriterFilter@130c1f2a, org.springframework.web.filter.CorsFilter@271c0b64, org.springframework.security.web.csrf.CsrfFilter@33ed9284, org.springframework.security.web.authentication.logout.LogoutFilter@5992dc87, org.springframework.security.web.authentication.UsernamePasswordAuthenticationFilter@48eca9da, org.springframework.security.web.authentication.ui.DefaultLoginPageGeneratingFilter@649e6d30, org.springframework.security.web.authentication.ui.DefaultLogoutPageGeneratingFilter@5c9f940e, org.springframework.security.web.authentication.www.BasicAuthenticationFilter@78a8b11c, org.springframework.security.web.savedrequest.RequestCacheAwareFilter@1c45aa9, org.springframework.security.web.servletapi.SecurityContextHolderAwareRequestFilter@2ddc73c0, org.springframework.security.web.authentication.AnonymousAuthenticationFilter@722a960c, org.springframework.security.web.access.ExceptionTranslationFilter@635039f1, org.springframework.security.web.access.intercept.AuthorizationFilter@4881b55a]
2025-07-31T17:34:04.830+05:30  WARN 34612 --- [vechile-service] [  restartedMain] o.s.b.d.a.OptionalLiveReloadServer       : Unable to start LiveReload server
2025-07-31T17:34:04.850+05:30  WARN 34612 --- [vechile-service] [  restartedMain] ConfigServletWebServerApplicationContext : Exception encountered during context initialization - cancelling refresh attempt: org.springframework.context.ApplicationContextException: Failed to start bean 'webServerStartStop'
2025-07-31T17:34:04.853+05:30  INFO 34612 --- [vechile-service] [  restartedMain] j.Loca2025-07-31T18:27:53.166+05:30  WARN 23460 --- [vechile-service] [l-1 housekeeper] com.zaxxer.hikari.pool.HikariPool        : HikariPool-1 - Thread starvation or clock leap detected (housekeeper delta=36m25s170ms988µs200ns).
2025-07-31T21:11:45.066+05:30  WARN 23460 --- [vechile-service] [l-1 housekeeper] com.zaxxer.hikari.pool.HikariPool        : HikariPool-1 - Thread starvation or clock leap detected (housekeeper delta=2h34m51s733ms877µs100ns).
2025-07-31T22:19:33.876+05:30  WARN 23460 --- [vechile-service] [l-1 housekeeper] com.zaxxer.hikari.pool.HikariPool        : HikariPool-1 - Thread starvation or clock leap detected (housekeeper delta=58m48s715ms121µs200ns).
.
2025-07-31T17:34:04.901+05:30 ERROR 34612 --- [vechile-service] [  restartedMain] o.s.b.d.LoggingFailureAnalysisReporter   : 

***************************
APPLICATION FAILED TO START
***************************

Description:

Web server failed to start. Port 8085 was already in use.

Action:

Identify and stop the process that's listening on port 8085 or configure this application to listen on another port.

[INFO] ------------------------------------------------------------------------
[INFO] BUILD SUCCESS
[INFO] ------------------------------------------------------------------------
[INFO] Total time:  11.537 s
[INFO] Finished at: 2025-07-31T17:34:04+05:30
[INFO] ------------------------------------------------------------------------
